mode: set
github.com/SearchSpring/RepoTsar/tsar/tsar.go:23.32,27.24 3 1
github.com/SearchSpring/RepoTsar/tsar/tsar.go:36.2,38.32 3 1
github.com/SearchSpring/RepoTsar/tsar/tsar.go:102.2,102.30 1 1
github.com/SearchSpring/RepoTsar/tsar/tsar.go:108.2,108.12 1 1
github.com/SearchSpring/RepoTsar/tsar/tsar.go:27.24,30.20 2 1
github.com/SearchSpring/RepoTsar/tsar/tsar.go:30.20,32.4 1 1
github.com/SearchSpring/RepoTsar/tsar/tsar.go:38.32,39.21 1 1
github.com/SearchSpring/RepoTsar/tsar/tsar.go:39.21,42.12 2 1
github.com/SearchSpring/RepoTsar/tsar/tsar.go:47.4,51.18 3 1
github.com/SearchSpring/RepoTsar/tsar/tsar.go:57.4,64.18 3 1
github.com/SearchSpring/RepoTsar/tsar/tsar.go:70.4,76.18 3 1
github.com/SearchSpring/RepoTsar/tsar/tsar.go:82.4,82.22 1 1
github.com/SearchSpring/RepoTsar/tsar/tsar.go:96.4,97.10 2 1
github.com/SearchSpring/RepoTsar/tsar/tsar.go:42.12,46.5 3 1
github.com/SearchSpring/RepoTsar/tsar/tsar.go:51.18,54.5 2 0
github.com/SearchSpring/RepoTsar/tsar/tsar.go:64.18,67.5 2 0
github.com/SearchSpring/RepoTsar/tsar/tsar.go:76.18,79.5 2 0
github.com/SearchSpring/RepoTsar/tsar/tsar.go:82.22,91.19 3 1
github.com/SearchSpring/RepoTsar/tsar/tsar.go:91.19,94.6 2 0
github.com/SearchSpring/RepoTsar/tsar/tsar.go:102.30,104.17 2 1
github.com/SearchSpring/RepoTsar/tsar/tsar.go:104.17,106.4 1 1
